16:44:26 DEBUG : Logs will be stored at 'D:/86198/ee_race/zynq_learn/prj/math_calc/math_calc.sdk/IDE.log'.
16:44:29 INFO  : Launching XSCT server: xsct.bat -n  -interactive D:\86198\ee_race\zynq_learn\prj\math_calc\math_calc.sdk\temp_xsdb_launch_script.tcl
16:44:29 INFO  : Registering command handlers for Vitis TCF services
16:44:29 INFO  : Platform repository initialization has completed.
16:44:32 INFO  : XSCT server has started successfully.
16:44:32 INFO  : Successfully done setting XSCT server connection channel  
16:44:32 INFO  : plnx-install-location is set to ''
16:44:32 INFO  : Successfully done setting workspace for the tool. 
16:44:32 INFO  : Successfully done query RDI_DATADIR 
16:45:10 INFO  : Result from executing command 'getProjects': system_wrapper
16:45:10 INFO  : Result from executing command 'getPlatforms': xilinx_zcu102_base_202420_1|C:/Xilinx/Vitis/2024.2/base_platforms/xilinx_zcu102_base_202420_1/xilinx_zcu102_base_202420_1.xpfm;xilinx_zcu102_base_dfx_202420_1|C:/Xilinx/Vitis/2024.2/base_platforms/xilinx_zcu102_base_dfx_202420_1/xilinx_zcu102_base_dfx_202420_1.xpfm;xilinx_zcu104_base_202420_1|C:/Xilinx/Vitis/2024.2/base_platforms/xilinx_zcu104_base_202420_1/xilinx_zcu104_base_202420_1.xpfm
16:45:11 WARN  : An unexpected exception occurred in the module 'platform project logging'
16:45:11 INFO  : Platform 'system_wrapper' is added to custom repositories.
16:45:21 INFO  : Platform 'system_wrapper' is added to custom repositories.
16:51:08 INFO  : Result from executing command 'getProjects': system_wrapper
16:51:08 INFO  : Result from executing command 'getPlatforms': system_wrapper|D:/86198/ee_race/zynq_learn/prj/math_calc/math_calc.sdk/system_wrapper/export/system_wrapper/system_wrapper.xpfm;xilinx_zcu102_base_202420_1|C:/Xilinx/Vitis/2024.2/base_platforms/xilinx_zcu102_base_202420_1/xilinx_zcu102_base_202420_1.xpfm;xilinx_zcu102_base_dfx_202420_1|C:/Xilinx/Vitis/2024.2/base_platforms/xilinx_zcu102_base_dfx_202420_1/xilinx_zcu102_base_dfx_202420_1.xpfm;xilinx_zcu104_base_202420_1|C:/Xilinx/Vitis/2024.2/base_platforms/xilinx_zcu104_base_202420_1/xilinx_zcu104_base_202420_1.xpfm
16:51:08 INFO  : Checking for BSP changes to sync application flags for project 'math_calc'...
17:02:51 INFO  : Checking for BSP changes to sync application flags for project 'math_calc'...
17:07:30 INFO  : Checking for BSP changes to sync application flags for project 'math_calc'...
17:08:23 INFO  : Checking for BSP changes to sync application flags for project 'math_calc'...
17:09:41 INFO  : Checking for BSP changes to sync application flags for project 'math_calc'...
17:12:41 INFO  : Checking for BSP changes to sync application flags for project 'math_calc'...
17:16:26 INFO  : Checking for BSP changes to sync application flags for project 'math_calc'...
17:20:32 INFO  : Checking for BSP changes to sync application flags for project 'math_calc'...
17:22:50 INFO  : Result from executing command 'removePlatformRepo': 
17:23:15 INFO  : Result from executing command 'getProjects': system_wrapper
17:23:15 INFO  : Result from executing command 'getPlatforms': xilinx_zcu102_base_202420_1|C:/Xilinx/Vitis/2024.2/base_platforms/xilinx_zcu102_base_202420_1/xilinx_zcu102_base_202420_1.xpfm;xilinx_zcu102_base_dfx_202420_1|C:/Xilinx/Vitis/2024.2/base_platforms/xilinx_zcu102_base_dfx_202420_1/xilinx_zcu102_base_dfx_202420_1.xpfm;xilinx_zcu104_base_202420_1|C:/Xilinx/Vitis/2024.2/base_platforms/xilinx_zcu104_base_202420_1/xilinx_zcu104_base_202420_1.xpfm
17:23:15 INFO  : Checking for BSP changes to sync application flags for project 'math_calc'...
17:29:32 INFO  : Checking for BSP changes to sync application flags for project 'math_calc'...
